<?xml version="1.0" encoding="UTF-8"?>
<testsuite name="hello.TestGreeter" tests="2" skipped="0" failures="0" errors="0" timestamp="2020-03-03T01:01:39" hostname="Anthonys-MacBook-Air.local" time="0.02">
  <properties/>
  <testcase name="testGreeter()" classname="hello.TestGreeter" time="0.015"/>
  <testcase name="testGreeterEmpty()" classname="hello.TestGreeter" time="0.002"/>
  <system-out><![CDATA[]]></system-out>
  <system-err><![CDATA[]]></system-err>
</testsuite>
